Checking DNS prerequisites...
Starting domain additions...
Processing: sheddemolition.co.uk
SUCCESS: sheddemolition.co.uk created
Processing: sheddismantling.co.uk
SUCCESS: sheddismantling.co.uk created
Processing: sheddisposal.org.uk
SUCCESS: sheddisposal.org.uk created
Processing: shed-removal.co.uk
SUCCESS: shed-removal.co.uk created
Processing: shedremovals.uk
SUCCESS: shedremovals.uk created
Processing: shedremoval.uk
SUCCESS: shedremoval.uk created
Processing: shelfinstallation.co.uk
SUCCESS: shelfinstallation.co.uk created
Processing: shelfmounting.co.uk
SUCCESS: shelfmounting.co.uk created
Processing: shelveinstallation.co.uk
SUCCESS: shelveinstallation.co.uk created
Processing: shelvinginstallation.co.uk
SUCCESS: shelvinginstallation.co.uk created
Processing: shelvinginstallation.uk
SUCCESS: shelvinginstallation.uk created
Processing: shop-front-spraying.uk
SUCCESS: shop-front-spraying.uk created
Processing: showermouldremoval.co.uk
SUCCESS: showermouldremoval.co.uk created
Processing: showerresealing.co.uk
SUCCESS: showerresealing.co.uk created
Processing: signwriting.org.uk
SUCCESS: signwriting.org.uk created
Processing: siliconeresealing.co.uk
SUCCESS: siliconeresealing.co.uk created
Processing: sitecleaning.co.uk
SUCCESS: sitecleaning.co.uk created
Processing: skirtingboardfitting.co.uk
SUCCESS: skirtingboardfitting.co.uk created
Processing: smokealarminstaller.co.uk
SUCCESS: smokealarminstaller.co.uk created
Processing: snaggingcompany.org.uk
SUCCESS: snaggingcompany.org.uk created
Processing: sofaremoval.uk
SUCCESS: sofaremoval.uk created
Processing: softstripoutdemolition.uk
SUCCESS: softstripoutdemolition.uk created
Processing: soft-washing.uk
SUCCESS: soft-washing.uk created
Processing: soilremoval.co.uk
SUCCESS: soilremoval.co.uk created
Processing: solar-panel-cleaning.uk
SUCCESS: solar-panel-cleaning.uk created
Processing: sound-proofers.co.uk
SUCCESS: sound-proofers.co.uk created
Processing: sportshallcleaning.co.uk
SUCCESS: sportshallcleaning.co.uk created
Processing: stonecleaning.org.uk
SUCCESS: stonecleaning.org.uk created
Processing: structural-survey.co.uk
SUCCESS: structural-survey.co.uk created
Processing: suicidecleanup.co.uk
SUCCESS: suicidecleanup.co.uk created
Processing: summer-houses.co.uk
SUCCESS: summer-houses.co.uk created
Processing: summer-houses.uk
SUCCESS: summer-houses.uk created
Processing: tapeandjointer.uk
SUCCESS: tapeandjointer.uk created
Processing: thatchedroofing.org.uk
SUCCESS: thatchedroofing.org.uk created
Processing: thermalimaging.org.uk
SUCCESS: thermalimaging.org.uk created
Processing: thermostatinstallation.co.uk
SUCCESS: thermostatinstallation.co.uk created
Processing: tidyingservice.co.uk
SUCCESS: tidyingservice.co.uk created
Processing: tilefitting.co.uk
SUCCESS: tilefitting.co.uk created
Processing: timber-windows.org.uk
SUCCESS: timber-windows.org.uk created
Processing: toilethire.org.uk
SUCCESS: toilethire.org.uk created
Processing: tr19kitchencleaning.co.uk
SUCCESS: tr19kitchencleaning.co.uk created
Processing: trashremoval.uk
SUCCESS: trashremoval.uk created
Processing: trauma-cleaning.uk
SUCCESS: trauma-cleaning.uk created
Processing: tvinstallation.uk
SUCCESS: tvinstallation.uk created
Processing: tv-mounting.org.uk
SUCCESS: tv-mounting.org.uk created
Processing: upvcspraying.uk
SUCCESS: upvcspraying.uk created
Processing: urgentcleaners.co.uk
SUCCESS: urgentcleaners.co.uk created
Processing: urgentcleaners.uk
SUCCESS: urgentcleaners.uk created
Processing: vacant-property-security.co.uk
SUCCESS: vacant-property-security.co.uk created
Processing: vehicle-movers.co.uk
SUCCESS: vehicle-movers.co.uk created
Processing: vehicletransportation.uk
SUCCESS: vehicletransportation.uk created
Processing: ventilation-cleaning.uk
SUCCESS: ventilation-cleaning.uk created
Processing: wallcrackrepair.co.uk
SUCCESS: wallcrackrepair.co.uk created
Processing: wallmounting.co.uk
SUCCESS: wallmounting.co.uk created
Processing: washingmachineinstallers.co.uk
SUCCESS: washingmachineinstallers.co.uk created
Processing: washingmachineremoval.co.uk
SUCCESS: washingmachineremoval.co.uk created
Processing: washing-machine-repair.org.uk
SUCCESS: washing-machine-repair.org.uk created
Processing: waste-clearance.org.uk
SUCCESS: waste-clearance.org.uk created
Processing: wastemanagement.org.uk
SUCCESS: wastemanagement.org.uk created
Processing: watersoftening.co.uk
SUCCESS: watersoftening.co.uk created
Processing: whitegoodsremoval.co.uk
SUCCESS: whitegoodsremoval.co.uk created
Processing: windowrespraying.co.uk
SUCCESS: windowrespraying.co.uk created
Processing: woodendoorfitters.co.uk
SUCCESS: woodendoorfitters.co.uk created
Processing: woodflooringfitters.co.uk
SUCCESS: woodflooringfitters.co.uk created
